{"numFailedTestSuites":1,"numFailedTests":2,"numPassedTestSuites":0,"numPassedTests":0,"numPendingTestSuites":0,"numPendingTests":0,"numRuntimeErrorTestSuites":0,"numTodoTests":0,"numTotalTestSuites":1,"numTotalTests":2,"openHandles":[],"snapshot":{"added":0,"didUpdate":false,"failure":false,"filesAdded":0,"filesRemoved":0,"filesRemovedList":[],"filesUnmatched":0,"filesUpdated":0,"matched":0,"total":0,"unchecked":0,"uncheckedKeysByFile":[],"unmatched":0,"updated":0},"startTime":1772873746596,"success":false,"testResults":[{"assertionResults":[{"ancestorTitles":["ProductCounter Properties"],"duration":414,"failing":false,"failureDetails":[{}],"failureMessages":["Error: Property failed after 3 tests\n{ seed: -646037385, path: \"2:1:0:2:1:3:2:2:2:9:9:9:9:9\", endOnFailure: true }\nCounterexample: [[{\"categories\":[\"\\\\ \",\" \"]}]]\nShrunk 13 time(s)\n\nHint: Enable verbose mode in order to have the list of all failing values encountered during the run\n    at buildError (D:\\Work\\amazon-product-article\\node_modules\\fast-check\\lib\\cjs\\check\\runner\\utils\\RunDetailsFormatter.js:162:19)\n    at throwIfFailed (D:\\Work\\amazon-product-article\\node_modules\\fast-check\\lib\\cjs\\check\\runner\\utils\\RunDetailsFormatter.js:171:11)\n    at reportRunDetails (D:\\Work\\amazon-product-article\\node_modules\\fast-check\\lib\\cjs\\check\\runner\\utils\\RunDetailsFormatter.js:184:16)\n    at Object.assert (D:\\Work\\amazon-product-article\\node_modules\\fast-check\\lib\\cjs\\check\\runner\\Runner.js:65:55)\n    at Object.<anonymous> (D:\\Work\\amazon-product-article\\src\\category\\__tests__\\ProductCounter.property.test.ts:32:12)\n    at Promise.finally.completed (D:\\Work\\amazon-product-article\\node_modules\\jest-circus\\build\\jestAdapterInit.js:1557:28)\n    at new Promise (<anonymous>)\n    at callAsyncCircusFn (D:\\Work\\amazon-product-article\\node_modules\\jest-circus\\build\\jestAdapterInit.js:1497:10)\n    at _callCircusTest (D:\\Work\\amazon-product-article\\node_modules\\jest-circus\\build\\jestAdapterInit.js:1007:40)\n    at _runTest (D:\\Work\\amazon-product-article\\node_modules\\jest-circus\\build\\jestAdapterInit.js:947:3)\n    at D:\\Work\\amazon-product-article\\node_modules\\jest-circus\\build\\jestAdapterInit.js:849:7\n    at _runTestsForDescribeBlock (D:\\Work\\amazon-product-article\\node_modules\\jest-circus\\build\\jestAdapterInit.js:862:11)\n    at _runTestsForDescribeBlock (D:\\Work\\amazon-product-article\\node_modules\\jest-circus\\build\\jestAdapterInit.js:857:11)\n    at run (D:\\Work\\amazon-product-article\\node_modules\\jest-circus\\build\\jestAdapterInit.js:761:3)\n    at runAndTransformResultsToJestFormat (D:\\Work\\amazon-product-article\\node_modules\\jest-circus\\build\\jestAdapterInit.js:1918:21)\n    at jestAdapter (D:\\Work\\amazon-product-article\\node_modules\\jest-circus\\build\\runner.js:101:19)\n    at runTestInternal (D:\\Work\\amazon-product-article\\node_modules\\jest-runner\\build\\index.js:275:16)\n    at runTest (D:\\Work\\amazon-product-article\\node_modules\\jest-runner\\build\\index.js:343:7)"],"fullName":"ProductCounter Properties 商品数カウントの正確性","invocations":1,"location":null,"numPassingAsserts":169,"retryReasons":[],"startAt":1772873748864,"status":"failed","title":"商品数カウントの正確性"},{"ancestorTitles":["ProductCounter Properties"],"duration":366,"failing":false,"failureDetails":[{}],"failureMessages":["Error: Property failed after 6 tests\n{ seed: 1608745535, path: \"5:2:8:9:8:8:1\", endOnFailure: true }\nCounterexample: [[\" \",\" \"]]\nShrunk 6 time(s)\n\nHint: Enable verbose mode in order to have the list of all failing values encountered during the run\n    at buildError (D:\\Work\\amazon-product-article\\node_modules\\fast-check\\lib\\cjs\\check\\runner\\utils\\RunDetailsFormatter.js:162:19)\n    at throwIfFailed (D:\\Work\\amazon-product-article\\node_modules\\fast-check\\lib\\cjs\\check\\runner\\utils\\RunDetailsFormatter.js:171:11)\n    at reportRunDetails (D:\\Work\\amazon-product-article\\node_modules\\fast-check\\lib\\cjs\\check\\runner\\utils\\RunDetailsFormatter.js:184:16)\n    at Object.assert (D:\\Work\\amazon-product-article\\node_modules\\fast-check\\lib\\cjs\\check\\runner\\Runner.js:65:55)\n    at Object.<anonymous> (D:\\Work\\amazon-product-article\\src\\category\\__tests__\\ProductCounter.property.test.ts:72:12)\n    at Promise.finally.completed (D:\\Work\\amazon-product-article\\node_modules\\jest-circus\\build\\jestAdapterInit.js:1557:28)\n    at new Promise (<anonymous>)\n    at callAsyncCircusFn (D:\\Work\\amazon-product-article\\node_modules\\jest-circus\\build\\jestAdapterInit.js:1497:10)\n    at _callCircusTest (D:\\Work\\amazon-product-article\\node_modules\\jest-circus\\build\\jestAdapterInit.js:1007:40)\n    at _runTest (D:\\Work\\amazon-product-article\\node_modules\\jest-circus\\build\\jestAdapterInit.js:947:3)\n    at D:\\Work\\amazon-product-article\\node_modules\\jest-circus\\build\\jestAdapterInit.js:849:7\n    at _runTestsForDescribeBlock (D:\\Work\\amazon-product-article\\node_modules\\jest-circus\\build\\jestAdapterInit.js:862:11)\n    at _runTestsForDescribeBlock (D:\\Work\\amazon-product-article\\node_modules\\jest-circus\\build\\jestAdapterInit.js:857:11)\n    at run (D:\\Work\\amazon-product-article\\node_modules\\jest-circus\\build\\jestAdapterInit.js:761:3)\n    at runAndTransformResultsToJestFormat (D:\\Work\\amazon-product-article\\node_modules\\jest-circus\\build\\jestAdapterInit.js:1918:21)\n    at jestAdapter (D:\\Work\\amazon-product-article\\node_modules\\jest-circus\\build\\runner.js:101:19)\n    at runTestInternal (D:\\Work\\amazon-product-article\\node_modules\\jest-runner\\build\\index.js:275:16)\n    at runTest (D:\\Work\\amazon-product-article\\node_modules\\jest-runner\\build\\index.js:343:7)"],"fullName":"ProductCounter Properties Front Matterからのカテゴリ抽出","invocations":1,"location":null,"numPassingAsserts":147,"retryReasons":[],"startAt":1772873749282,"status":"failed","title":"Front Matterからのカテゴリ抽出"}],"endTime":1772873749658,"message":"\u001b[1m\u001b[31m  \u001b[1m● \u001b[22m\u001b[1mProductCounter Properties › 商品数カウントの正確性\u001b[39m\u001b[22m\n\n    Property failed after 3 tests\n    { seed: -646037385, path: \"2:1:0:2:1:3:2:2:2:9:9:9:9:9\", endOnFailure: true }\n    Counterexample: [[{\"categories\":[\"\\\\ \",\" \"]}]]\n    Shrunk 13 time(s)\n\n    Hint: Enable verbose mode in order to have the list of all failing values encountered during the run\n\u001b[2m\u001b[22m\n\u001b[2m    \u001b[0m \u001b[90m 30 |\u001b[39m     \u001b[90m// Feature: dynamic-category-control, Property 7: 商品数カウントの正確性\u001b[39m\u001b[22m\n\u001b[2m     \u001b[90m 31 |\u001b[39m     test(\u001b[32m'商品数カウントの正確性'\u001b[39m\u001b[33m,\u001b[39m () \u001b[33m=>\u001b[39m {\u001b[22m\n\u001b[2m    \u001b[31m\u001b[1m>\u001b[22m\u001b[2m\u001b[39m\u001b[90m 32 |\u001b[39m         fc\u001b[33m.\u001b[39massert(\u001b[22m\n\u001b[2m     \u001b[90m    |\u001b[39m            \u001b[31m\u001b[1m^\u001b[22m\u001b[2m\u001b[39m\u001b[22m\n\u001b[2m     \u001b[90m 33 |\u001b[39m             fc\u001b[33m.\u001b[39mproperty(\u001b[22m\n\u001b[2m     \u001b[90m 34 |\u001b[39m                 fc\u001b[33m.\u001b[39marray(\u001b[22m\n\u001b[2m     \u001b[90m 35 |\u001b[39m                     fc\u001b[33m.\u001b[39mrecord({\u001b[0m\u001b[22m\n\u001b[2m\u001b[22m\n\u001b[2m      \u001b[2mat buildError (\u001b[22m\u001b[2mnode_modules/fast-check/lib/cjs/check/runner/utils/RunDetailsFormatter.js\u001b[2m:162:19)\u001b[22m\u001b[2m\u001b[22m\n\u001b[2m      \u001b[2mat throwIfFailed (\u001b[22m\u001b[2mnode_modules/fast-check/lib/cjs/check/runner/utils/RunDetailsFormatter.js\u001b[2m:171:11)\u001b[22m\u001b[2m\u001b[22m\n\u001b[2m      \u001b[2mat reportRunDetails (\u001b[22m\u001b[2mnode_modules/fast-check/lib/cjs/check/runner/utils/RunDetailsFormatter.js\u001b[2m:184:16)\u001b[22m\u001b[2m\u001b[22m\n\u001b[2m      \u001b[2mat Object.assert (\u001b[22m\u001b[2mnode_modules/fast-check/lib/cjs/check/runner/Runner.js\u001b[2m:65:55)\u001b[22m\u001b[2m\u001b[22m\n\u001b[2m      \u001b[2mat Object.<anonymous> (\u001b[22m\u001b[2m\u001b[0m\u001b[36msrc/category/__tests__/ProductCounter.property.test.ts\u001b[39m\u001b[0m\u001b[2m:32:12)\u001b[22m\u001b[2m\u001b[22m\n\n    Cause:\n    \u001b[2mexpect(\u001b[22m\u001b[31mreceived\u001b[39m\u001b[2m).\u001b[22mtoBe\u001b[2m(\u001b[22m\u001b[32mexpected\u001b[39m\u001b[2m) // Object.is equality\u001b[22m\n\n    Expected: \u001b[32m1\u001b[39m\n    Received: \u001b[31m0\u001b[39m\n\u001b[2m\u001b[22m\n\u001b[2m    \u001b[0m \u001b[90m 60 |\u001b[39m\u001b[22m\n\u001b[2m     \u001b[90m 61 |\u001b[39m                     expectedCounts\u001b[33m.\u001b[39mforEach((count\u001b[33m,\u001b[39m category) \u001b[33m=>\u001b[39m {\u001b[22m\n\u001b[2m    \u001b[31m\u001b[1m>\u001b[22m\u001b[2m\u001b[39m\u001b[90m 62 |\u001b[39m                         expect(counter\u001b[33m.\u001b[39mgetProductCount(category))\u001b[33m.\u001b[39mtoBe(count)\u001b[33m;\u001b[39m\u001b[22m\n\u001b[2m     \u001b[90m    |\u001b[39m                                                                   \u001b[31m\u001b[1m^\u001b[22m\u001b[2m\u001b[39m\u001b[22m\n\u001b[2m     \u001b[90m 63 |\u001b[39m                     })\u001b[33m;\u001b[39m\u001b[22m\n\u001b[2m     \u001b[90m 64 |\u001b[39m                 }\u001b[22m\n\u001b[2m     \u001b[90m 65 |\u001b[39m             )\u001b[33m,\u001b[39m\u001b[0m\u001b[22m\n\u001b[2m\u001b[22m\n\u001b[2m      \u001b[2mat \u001b[22m\u001b[2m\u001b[0m\u001b[36msrc/category/__tests__/ProductCounter.property.test.ts\u001b[39m\u001b[0m\u001b[2m:62:67\u001b[22m\u001b[2m\u001b[22m\n\u001b[2m          at Map.forEach (<anonymous>)\u001b[22m\n\u001b[2m      \u001b[2mat \u001b[22m\u001b[2m\u001b[0m\u001b[36msrc/category/__tests__/ProductCounter.property.test.ts\u001b[39m\u001b[0m\u001b[2m:61:36\u001b[22m\u001b[2m\u001b[22m\n\u001b[2m      \u001b[2mat Property.predicate (\u001b[22m\u001b[2mnode_modules/fast-check/lib/cjs/check/property/Property.js\u001b[2m:17:92)\u001b[22m\u001b[2m\u001b[22m\n\u001b[2m      \u001b[2mat Property.run (\u001b[22m\u001b[2mnode_modules/fast-check/lib/cjs/check/property/Property.generic.js\u001b[2m:46:33)\u001b[22m\u001b[2m\u001b[22m\n\u001b[2m      \u001b[2mat runIt (\u001b[22m\u001b[2mnode_modules/fast-check/lib/cjs/check/runner/Runner.js\u001b[2m:18:30)\u001b[22m\u001b[2m\u001b[22m\n\u001b[2m      \u001b[2mat check (\u001b[22m\u001b[2mnode_modules/fast-check/lib/cjs/check/runner/Runner.js\u001b[2m:58:11)\u001b[22m\u001b[2m\u001b[22m\n\u001b[2m      \u001b[2mat Object.assert (\u001b[22m\u001b[2mnode_modules/fast-check/lib/cjs/check/runner/Runner.js\u001b[2m:61:17)\u001b[22m\u001b[2m\u001b[22m\n\u001b[2m      \u001b[2mat Object.<anonymous> (\u001b[22m\u001b[2m\u001b[0m\u001b[36msrc/category/__tests__/ProductCounter.property.test.ts\u001b[39m\u001b[0m\u001b[2m:32:12)\u001b[22m\u001b[2m\u001b[22m\n\n\u001b[1m\u001b[31m  \u001b[1m● \u001b[22m\u001b[1mProductCounter Properties › Front Matterからのカテゴリ抽出\u001b[39m\u001b[22m\n\n    Property failed after 6 tests\n    { seed: 1608745535, path: \"5:2:8:9:8:8:1\", endOnFailure: true }\n    Counterexample: [[\" \",\" \"]]\n    Shrunk 6 time(s)\n\n    Hint: Enable verbose mode in order to have the list of all failing values encountered during the run\n\u001b[2m\u001b[22m\n\u001b[2m    \u001b[0m \u001b[90m 70 |\u001b[39m     \u001b[90m// Feature: dynamic-category-control, Property 8: Front Matterからのカテゴリ抽出\u001b[39m\u001b[22m\n\u001b[2m     \u001b[90m 71 |\u001b[39m     test(\u001b[32m'Front Matterからのカテゴリ抽出'\u001b[39m\u001b[33m,\u001b[39m () \u001b[33m=>\u001b[39m {\u001b[22m\n\u001b[2m    \u001b[31m\u001b[1m>\u001b[22m\u001b[2m\u001b[39m\u001b[90m 72 |\u001b[39m         fc\u001b[33m.\u001b[39massert(\u001b[22m\n\u001b[2m     \u001b[90m    |\u001b[39m            \u001b[31m\u001b[1m^\u001b[22m\u001b[2m\u001b[39m\u001b[22m\n\u001b[2m     \u001b[90m 73 |\u001b[39m             fc\u001b[33m.\u001b[39mproperty(\u001b[22m\n\u001b[2m     \u001b[90m 74 |\u001b[39m                 fc\u001b[33m.\u001b[39marray(fc\u001b[33m.\u001b[39mstring({ minLength\u001b[33m:\u001b[39m \u001b[35m1\u001b[39m })\u001b[33m.\u001b[39mfilter(s \u001b[33m=>\u001b[39m \u001b[33m!\u001b[39ms\u001b[33m.\u001b[39mincludes(\u001b[32m'\"'\u001b[39m) \u001b[33m&&\u001b[39m \u001b[33m!\u001b[39ms\u001b[33m.\u001b[39mincludes(\u001b[32m'\\n'\u001b[39m) \u001b[33m&&\u001b[39m \u001b[33m!\u001b[39ms\u001b[33m.\u001b[39mincludes(\u001b[32m':'\u001b[39m))\u001b[33m,\u001b[39m { minLength\u001b[33m:\u001b[39m \u001b[35m1\u001b[39m\u001b[33m,\u001b[39m maxLength\u001b[33m:\u001b[39m \u001b[35m10\u001b[39m })\u001b[33m,\u001b[39m\u001b[22m\n\u001b[2m     \u001b[90m 75 |\u001b[39m                 (categories) \u001b[33m=>\u001b[39m {\u001b[0m\u001b[22m\n\u001b[2m\u001b[22m\n\u001b[2m      \u001b[2mat buildError (\u001b[22m\u001b[2mnode_modules/fast-check/lib/cjs/check/runner/utils/RunDetailsFormatter.js\u001b[2m:162:19)\u001b[22m\u001b[2m\u001b[22m\n\u001b[2m      \u001b[2mat throwIfFailed (\u001b[22m\u001b[2mnode_modules/fast-check/lib/cjs/check/runner/utils/RunDetailsFormatter.js\u001b[2m:171:11)\u001b[22m\u001b[2m\u001b[22m\n\u001b[2m      \u001b[2mat reportRunDetails (\u001b[22m\u001b[2mnode_modules/fast-check/lib/cjs/check/runner/utils/RunDetailsFormatter.js\u001b[2m:184:16)\u001b[22m\u001b[2m\u001b[22m\n\u001b[2m      \u001b[2mat Object.assert (\u001b[22m\u001b[2mnode_modules/fast-check/lib/cjs/check/runner/Runner.js\u001b[2m:65:55)\u001b[22m\u001b[2m\u001b[22m\n\u001b[2m      \u001b[2mat Object.<anonymous> (\u001b[22m\u001b[2m\u001b[0m\u001b[36msrc/category/__tests__/ProductCounter.property.test.ts\u001b[39m\u001b[0m\u001b[2m:72:12)\u001b[22m\u001b[2m\u001b[22m\n\n    Cause:\n    \u001b[2mexpect(\u001b[22m\u001b[31mreceived\u001b[39m\u001b[2m).\u001b[22mtoBe\u001b[2m(\u001b[22m\u001b[32mexpected\u001b[39m\u001b[2m) // Object.is equality\u001b[22m\n\n    Expected: \u001b[32m1\u001b[39m\n    Received: \u001b[31m2\u001b[39m\n\u001b[2m\u001b[22m\n\u001b[2m    \u001b[0m \u001b[90m 82 |\u001b[39m\u001b[22m\n\u001b[2m     \u001b[90m 83 |\u001b[39m                     categories\u001b[33m.\u001b[39mforEach(category \u001b[33m=>\u001b[39m {\u001b[22m\n\u001b[2m    \u001b[31m\u001b[1m>\u001b[22m\u001b[2m\u001b[39m\u001b[90m 84 |\u001b[39m                         expect(counter\u001b[33m.\u001b[39mgetProductCount(category))\u001b[33m.\u001b[39mtoBe(\u001b[35m1\u001b[39m)\u001b[33m;\u001b[39m\u001b[22m\n\u001b[2m     \u001b[90m    |\u001b[39m                                                                   \u001b[31m\u001b[1m^\u001b[22m\u001b[2m\u001b[39m\u001b[22m\n\u001b[2m     \u001b[90m 85 |\u001b[39m                     })\u001b[33m;\u001b[39m\u001b[22m\n\u001b[2m     \u001b[90m 86 |\u001b[39m                 }\u001b[22m\n\u001b[2m     \u001b[90m 87 |\u001b[39m             )\u001b[33m,\u001b[39m\u001b[0m\u001b[22m\n\u001b[2m\u001b[22m\n\u001b[2m      \u001b[2mat \u001b[22m\u001b[2m\u001b[0m\u001b[36msrc/category/__tests__/ProductCounter.property.test.ts\u001b[39m\u001b[0m\u001b[2m:84:67\u001b[22m\u001b[2m\u001b[22m\n\u001b[2m          at Array.forEach (<anonymous>)\u001b[22m\n\u001b[2m      \u001b[2mat \u001b[22m\u001b[2m\u001b[0m\u001b[36msrc/category/__tests__/ProductCounter.property.test.ts\u001b[39m\u001b[0m\u001b[2m:83:32\u001b[22m\u001b[2m\u001b[22m\n\u001b[2m      \u001b[2mat Property.predicate (\u001b[22m\u001b[2mnode_modules/fast-check/lib/cjs/check/property/Property.js\u001b[2m:17:92)\u001b[22m\u001b[2m\u001b[22m\n\u001b[2m      \u001b[2mat Property.run (\u001b[22m\u001b[2mnode_modules/fast-check/lib/cjs/check/property/Property.generic.js\u001b[2m:46:33)\u001b[22m\u001b[2m\u001b[22m\n\u001b[2m      \u001b[2mat runIt (\u001b[22m\u001b[2mnode_modules/fast-check/lib/cjs/check/runner/Runner.js\u001b[2m:18:30)\u001b[22m\u001b[2m\u001b[22m\n\u001b[2m      \u001b[2mat check (\u001b[22m\u001b[2mnode_modules/fast-check/lib/cjs/check/runner/Runner.js\u001b[2m:58:11)\u001b[22m\u001b[2m\u001b[22m\n\u001b[2m      \u001b[2mat Object.assert (\u001b[22m\u001b[2mnode_modules/fast-check/lib/cjs/check/runner/Runner.js\u001b[2m:61:17)\u001b[22m\u001b[2m\u001b[22m\n\u001b[2m      \u001b[2mat Object.<anonymous> (\u001b[22m\u001b[2m\u001b[0m\u001b[36msrc/category/__tests__/ProductCounter.property.test.ts\u001b[39m\u001b[0m\u001b[2m:72:12)\u001b[22m\u001b[2m\u001b[22m\n","name":"D:\\Work\\amazon-product-article\\src\\category\\__tests__\\ProductCounter.property.test.ts","startTime":1772873746776,"status":"failed","summary":""}],"wasInterrupted":false}
