{"numFailedTestSuites":2,"numFailedTests":1,"numPassedTestSuites":0,"numPassedTests":3,"numPendingTestSuites":0,"numPendingTests":0,"numRuntimeErrorTestSuites":1,"numTodoTests":0,"numTotalTestSuites":2,"numTotalTests":4,"openHandles":[],"snapshot":{"added":0,"didUpdate":false,"failure":false,"filesAdded":0,"filesRemoved":0,"filesRemovedList":[],"filesUnmatched":0,"filesUpdated":0,"matched":0,"total":0,"unchecked":0,"uncheckedKeysByFile":[],"unmatched":0,"updated":0},"startTime":1772873913771,"success":false,"testResults":[{"assertionResults":[],"coverage":{},"endTime":1772873916833,"message":"  \u001b[1m● \u001b[22mTest suite failed to run\n\n    \u001b[96msrc/category/__tests__/CategoryManager.property.test.ts\u001b[0m:\u001b[93m41\u001b[0m:\u001b[93m28\u001b[0m - \u001b[91merror\u001b[0m\u001b[90m TS2532: \u001b[0mObject is possibly 'undefined'.\n\n    \u001b[7m41\u001b[0m                     expect(output[0].name).toBe(categoryGroup.name);\n    \u001b[7m  \u001b[0m \u001b[91m                           ~~~~~~~~~\u001b[0m\n    \u001b[96msrc/category/__tests__/CategoryManager.property.test.ts\u001b[0m:\u001b[93m42\u001b[0m:\u001b[93m28\u001b[0m - \u001b[91merror\u001b[0m\u001b[90m TS2532: \u001b[0mObject is possibly 'undefined'.\n\n    \u001b[7m42\u001b[0m                     expect(output[0].slug).toBe(categoryGroup.slug);\n    \u001b[7m  \u001b[0m \u001b[91m                           ~~~~~~~~~\u001b[0m\n    \u001b[96msrc/category/__tests__/CategoryManager.property.test.ts\u001b[0m:\u001b[93m43\u001b[0m:\u001b[93m28\u001b[0m - \u001b[91merror\u001b[0m\u001b[90m TS2532: \u001b[0mObject is possibly 'undefined'.\n\n    \u001b[7m43\u001b[0m                     expect(output[0].description).toBe(categoryGroup.description);\n    \u001b[7m  \u001b[0m \u001b[91m                           ~~~~~~~~~\u001b[0m\n    \u001b[96msrc/category/__tests__/CategoryManager.property.test.ts\u001b[0m:\u001b[93m44\u001b[0m:\u001b[93m28\u001b[0m - \u001b[91merror\u001b[0m\u001b[90m TS2532: \u001b[0mObject is possibly 'undefined'.\n\n    \u001b[7m44\u001b[0m                     expect(output[0].visible).toBe(categoryGroup.visible ?? true);\n    \u001b[7m  \u001b[0m \u001b[91m                           ~~~~~~~~~\u001b[0m\n    \u001b[96msrc/category/__tests__/CategoryManager.property.test.ts\u001b[0m:\u001b[93m45\u001b[0m:\u001b[93m28\u001b[0m - \u001b[91merror\u001b[0m\u001b[90m TS2532: \u001b[0mObject is possibly 'undefined'.\n\n    \u001b[7m45\u001b[0m                     expect(output[0].priority).toBe(categoryGroup.priority ?? 999);\n    \u001b[7m  \u001b[0m \u001b[91m                           ~~~~~~~~~\u001b[0m\n    \u001b[96msrc/category/__tests__/CategoryManager.property.test.ts\u001b[0m:\u001b[93m68\u001b[0m:\u001b[93m28\u001b[0m - \u001b[91merror\u001b[0m\u001b[90m TS2532: \u001b[0mObject is possibly 'undefined'.\n\n    \u001b[7m68\u001b[0m                     expect(output[0].visible).toBe(true);\n    \u001b[7m  \u001b[0m \u001b[91m                           ~~~~~~~~~\u001b[0m\n    \u001b[96msrc/category/__tests__/CategoryManager.property.test.ts\u001b[0m:\u001b[93m69\u001b[0m:\u001b[93m28\u001b[0m - \u001b[91merror\u001b[0m\u001b[90m TS2532: \u001b[0mObject is possibly 'undefined'.\n\n    \u001b[7m69\u001b[0m                     expect(output[0].priority).toBe(999);\n    \u001b[7m  \u001b[0m \u001b[91m                           ~~~~~~~~~\u001b[0m\n    \u001b[96msrc/category/__tests__/CategoryManager.property.test.ts\u001b[0m:\u001b[93m70\u001b[0m:\u001b[93m28\u001b[0m - \u001b[91merror\u001b[0m\u001b[90m TS2532: \u001b[0mObject is possibly 'undefined'.\n\n    \u001b[7m70\u001b[0m                     expect(output[0].description).toBeUndefined();\n    \u001b[7m  \u001b[0m \u001b[91m                           ~~~~~~~~~\u001b[0m\n","name":"D:\\Work\\amazon-product-article\\src\\category\\__tests__\\CategoryManager.property.test.ts","startTime":1772873916833,"status":"failed","summary":""},{"assertionResults":[{"ancestorTitles":["CategoryManager"],"duration":5,"failing":false,"failureDetails":[],"failureMessages":[],"fullName":"CategoryManager 空のカテゴリグループを読み込む","invocations":1,"location":null,"numPassingAsserts":1,"retryReasons":[],"startAt":1772873916728,"status":"passed","title":"空のカテゴリグループを読み込む"},{"ancestorTitles":["CategoryManager"],"duration":9,"failing":false,"failureDetails":[],"failureMessages":[],"fullName":"CategoryManager 必須フィールドが欠けている場合にエラーを投げる","invocations":1,"location":null,"numPassingAsserts":1,"retryReasons":[],"startAt":1772873916733,"status":"passed","title":"必須フィールドが欠けている場合にエラーを投げる"},{"ancestorTitles":["CategoryManager"],"duration":2,"failing":false,"failureDetails":[],"failureMessages":[],"fullName":"CategoryManager カテゴリ名の重複チェックテスト","invocations":1,"location":null,"numPassingAsserts":1,"retryReasons":[],"startAt":1772873916742,"status":"passed","title":"カテゴリ名の重複チェックテスト"},{"ancestorTitles":["CategoryManager"],"duration":10,"failing":false,"failureDetails":[{"matcherResult":{"actual":10,"expected":5,"message":"\u001b[2mexpect(\u001b[22m\u001b[31mreceived\u001b[39m\u001b[2m).\u001b[22mtoBe\u001b[2m(\u001b[22m\u001b[32mexpected\u001b[39m\u001b[2m) // Object.is equality\u001b[22m\n\nExpected: \u001b[32m5\u001b[39m\nReceived: \u001b[31m10\u001b[39m","name":"toBe","pass":false}}],"failureMessages":["Error: \u001b[2mexpect(\u001b[22m\u001b[31mreceived\u001b[39m\u001b[2m).\u001b[22mtoBe\u001b[2m(\u001b[22m\u001b[32mexpected\u001b[39m\u001b[2m) // Object.is equality\u001b[22m\n\nExpected: \u001b[32m5\u001b[39m\nReceived: \u001b[31m10\u001b[39m\n    at Object.<anonymous> (D:\\Work\\amazon-product-article\\src\\category\\__tests__\\CategoryManager.test.ts:90:59)\n    at Promise.finally.completed (D:\\Work\\amazon-product-article\\node_modules\\jest-circus\\build\\jestAdapterInit.js:1557:28)\n    at new Promise (<anonymous>)\n    at callAsyncCircusFn (D:\\Work\\amazon-product-article\\node_modules\\jest-circus\\build\\jestAdapterInit.js:1497:10)\n    at _callCircusTest (D:\\Work\\amazon-product-article\\node_modules\\jest-circus\\build\\jestAdapterInit.js:1007:40)\n    at processTicksAndRejections (node:internal/process/task_queues:105:5)\n    at _runTest (D:\\Work\\amazon-product-article\\node_modules\\jest-circus\\build\\jestAdapterInit.js:947:3)\n    at D:\\Work\\amazon-product-article\\node_modules\\jest-circus\\build\\jestAdapterInit.js:849:7\n    at _runTestsForDescribeBlock (D:\\Work\\amazon-product-article\\node_modules\\jest-circus\\build\\jestAdapterInit.js:862:11)\n    at _runTestsForDescribeBlock (D:\\Work\\amazon-product-article\\node_modules\\jest-circus\\build\\jestAdapterInit.js:857:11)\n    at run (D:\\Work\\amazon-product-article\\node_modules\\jest-circus\\build\\jestAdapterInit.js:761:3)\n    at runAndTransformResultsToJestFormat (D:\\Work\\amazon-product-article\\node_modules\\jest-circus\\build\\jestAdapterInit.js:1918:21)\n    at jestAdapter (D:\\Work\\amazon-product-article\\node_modules\\jest-circus\\build\\runner.js:101:19)\n    at runTestInternal (D:\\Work\\amazon-product-article\\node_modules\\jest-runner\\build\\testWorker.js:275:16)\n    at runTest (D:\\Work\\amazon-product-article\\node_modules\\jest-runner\\build\\testWorker.js:343:7)\n    at Object.worker (D:\\Work\\amazon-product-article\\node_modules\\jest-runner\\build\\testWorker.js:497:12)"],"fullName":"CategoryManager YAMLとJSONの両方に正しく出力する","invocations":1,"location":null,"numPassingAsserts":3,"retryReasons":[],"startAt":1772873916744,"status":"failed","title":"YAMLとJSONの両方に正しく出力する"}],"endTime":1772873916769,"message":"\u001b[1m\u001b[31m  \u001b[1m● \u001b[22m\u001b[1mCategoryManager › YAMLとJSONの両方に正しく出力する\u001b[39m\u001b[22m\n\n    \u001b[2mexpect(\u001b[22m\u001b[31mreceived\u001b[39m\u001b[2m).\u001b[22mtoBe\u001b[2m(\u001b[22m\u001b[32mexpected\u001b[39m\u001b[2m) // Object.is equality\u001b[22m\n\n    Expected: \u001b[32m5\u001b[39m\n    Received: \u001b[31m10\u001b[39m\n\u001b[2m\u001b[22m\n\u001b[2m    \u001b[0m \u001b[90m 88 |\u001b[39m         \u001b[36mconst\u001b[39m jsonOutput \u001b[33m=\u001b[39m \u001b[33mJSON\u001b[39m\u001b[33m.\u001b[39mparse(fs\u001b[33m.\u001b[39mreadFileSync(outJson\u001b[33m,\u001b[39m \u001b[32m'utf-8'\u001b[39m))\u001b[33m;\u001b[39m\u001b[22m\n\u001b[2m     \u001b[90m 89 |\u001b[39m         expect(jsonOutput\u001b[33m.\u001b[39mcategoryGroups[\u001b[35m0\u001b[39m]\u001b[33m.\u001b[39mname)\u001b[33m.\u001b[39mtoBe(\u001b[32m'TestCat'\u001b[39m)\u001b[33m;\u001b[39m\u001b[22m\n\u001b[2m    \u001b[31m\u001b[1m>\u001b[22m\u001b[2m\u001b[39m\u001b[90m 90 |\u001b[39m         expect(jsonOutput\u001b[33m.\u001b[39mcategoryGroups[\u001b[35m0\u001b[39m]\u001b[33m.\u001b[39mproductCount)\u001b[33m.\u001b[39mtoBe(\u001b[35m5\u001b[39m)\u001b[33m;\u001b[39m \u001b[90m// ProductCount was enhanced\u001b[39m\u001b[22m\n\u001b[2m     \u001b[90m    |\u001b[39m                                                           \u001b[31m\u001b[1m^\u001b[22m\u001b[2m\u001b[39m\u001b[22m\n\u001b[2m     \u001b[90m 91 |\u001b[39m     })\u001b[33m;\u001b[39m\u001b[22m\n\u001b[2m     \u001b[90m 92 |\u001b[39m })\u001b[33m;\u001b[39m\u001b[22m\n\u001b[2m     \u001b[90m 93 |\u001b[39m\u001b[0m\u001b[22m\n\u001b[2m\u001b[22m\n\u001b[2m      \u001b[2mat Object.<anonymous> (\u001b[22m\u001b[2m\u001b[0m\u001b[36msrc/category/__tests__/CategoryManager.test.ts\u001b[39m\u001b[0m\u001b[2m:90:59)\u001b[22m\u001b[2m\u001b[22m\n","name":"D:\\Work\\amazon-product-article\\src\\category\\__tests__\\CategoryManager.test.ts","startTime":1772873914340,"status":"failed","summary":""}],"wasInterrupted":false}
