{"numFailedTestSuites":2,"numFailedTests":3,"numPassedTestSuites":0,"numPassedTests":1,"numPendingTestSuites":0,"numPendingTests":0,"numRuntimeErrorTestSuites":0,"numTodoTests":0,"numTotalTestSuites":2,"numTotalTests":4,"openHandles":[],"snapshot":{"added":0,"didUpdate":false,"failure":false,"filesAdded":0,"filesRemoved":0,"filesRemovedList":[],"filesUnmatched":0,"filesUpdated":0,"matched":0,"total":0,"unchecked":0,"uncheckedKeysByFile":[],"unmatched":0,"updated":0},"startTime":1772874027636,"success":false,"testResults":[{"assertionResults":[{"ancestorTitles":["Integration Properties"],"duration":67,"failing":false,"failureDetails":[],"failureMessages":[],"fullName":"Integration Properties 商品数ゼロのカテゴリの非表示","invocations":1,"location":null,"numPassingAsserts":922,"retryReasons":[],"startAt":1772874030621,"status":"passed","title":"商品数ゼロのカテゴリの非表示"},{"ancestorTitles":["Integration Properties"],"duration":38,"failing":false,"failureDetails":[{}],"failureMessages":["Error: Property failed after 1 tests\n{ seed: 1783406634, path: \"0:0:0:0:0:0:1:0:0:0\", endOnFailure: true }\nCounterexample: [{\"categoryName\":\"0\",\"initialProductCount\":0,\"finalProductCount\":1}]\nShrunk 9 time(s)\n\nHint: Enable verbose mode in order to have the list of all failing values encountered during the run\n    at buildError (D:\\Work\\amazon-product-article\\node_modules\\fast-check\\lib\\cjs\\check\\runner\\utils\\RunDetailsFormatter.js:162:19)\n    at throwIfFailed (D:\\Work\\amazon-product-article\\node_modules\\fast-check\\lib\\cjs\\check\\runner\\utils\\RunDetailsFormatter.js:171:11)\n    at reportRunDetails (D:\\Work\\amazon-product-article\\node_modules\\fast-check\\lib\\cjs\\check\\runner\\utils\\RunDetailsFormatter.js:184:16)\n    at Object.assert (D:\\Work\\amazon-product-article\\node_modules\\fast-check\\lib\\cjs\\check\\runner\\Runner.js:65:55)\n    at Object.<anonymous> (D:\\Work\\amazon-product-article\\src\\category\\__tests__\\integration.property.test.ts:57:12)\n    at Promise.finally.completed (D:\\Work\\amazon-product-article\\node_modules\\jest-circus\\build\\jestAdapterInit.js:1557:28)\n    at new Promise (<anonymous>)\n    at callAsyncCircusFn (D:\\Work\\amazon-product-article\\node_modules\\jest-circus\\build\\jestAdapterInit.js:1497:10)\n    at _callCircusTest (D:\\Work\\amazon-product-article\\node_modules\\jest-circus\\build\\jestAdapterInit.js:1007:40)\n    at processTicksAndRejections (node:internal/process/task_queues:105:5)\n    at _runTest (D:\\Work\\amazon-product-article\\node_modules\\jest-circus\\build\\jestAdapterInit.js:947:3)\n    at D:\\Work\\amazon-product-article\\node_modules\\jest-circus\\build\\jestAdapterInit.js:849:7\n    at _runTestsForDescribeBlock (D:\\Work\\amazon-product-article\\node_modules\\jest-circus\\build\\jestAdapterInit.js:862:11)\n    at _runTestsForDescribeBlock (D:\\Work\\amazon-product-article\\node_modules\\jest-circus\\build\\jestAdapterInit.js:857:11)\n    at run (D:\\Work\\amazon-product-article\\node_modules\\jest-circus\\build\\jestAdapterInit.js:761:3)\n    at runAndTransformResultsToJestFormat (D:\\Work\\amazon-product-article\\node_modules\\jest-circus\\build\\jestAdapterInit.js:1918:21)\n    at jestAdapter (D:\\Work\\amazon-product-article\\node_modules\\jest-circus\\build\\runner.js:101:19)\n    at runTestInternal (D:\\Work\\amazon-product-article\\node_modules\\jest-runner\\build\\testWorker.js:275:16)\n    at runTest (D:\\Work\\amazon-product-article\\node_modules\\jest-runner\\build\\testWorker.js:343:7)\n    at Object.worker (D:\\Work\\amazon-product-article\\node_modules\\jest-runner\\build\\testWorker.js:497:12)"],"fullName":"Integration Properties 商品追加・削除による表示状態の更新","invocations":1,"location":null,"numPassingAsserts":14,"retryReasons":[],"startAt":1772874030689,"status":"failed","title":"商品追加・削除による表示状態の更新"}],"endTime":1772874030754,"message":"\u001b[1m\u001b[31m  \u001b[1m● \u001b[22m\u001b[1mIntegration Properties › 商品追加・削除による表示状態の更新\u001b[39m\u001b[22m\n\n    Property failed after 1 tests\n    { seed: 1783406634, path: \"0:0:0:0:0:0:1:0:0:0\", endOnFailure: true }\n    Counterexample: [{\"categoryName\":\"0\",\"initialProductCount\":0,\"finalProductCount\":1}]\n    Shrunk 9 time(s)\n\n    Hint: Enable verbose mode in order to have the list of all failing values encountered during the run\n\u001b[2m\u001b[22m\n\u001b[2m    \u001b[0m \u001b[90m 55 |\u001b[39m     \u001b[90m// Feature: dynamic-category-control, Property 3: 商品追加・削除による表示状態の更新\u001b[39m\u001b[22m\n\u001b[2m     \u001b[90m 56 |\u001b[39m     test(\u001b[32m'商品追加・削除による表示状態の更新'\u001b[39m\u001b[33m,\u001b[39m () \u001b[33m=>\u001b[39m {\u001b[22m\n\u001b[2m    \u001b[31m\u001b[1m>\u001b[22m\u001b[2m\u001b[39m\u001b[90m 57 |\u001b[39m         fc\u001b[33m.\u001b[39massert(\u001b[22m\n\u001b[2m     \u001b[90m    |\u001b[39m            \u001b[31m\u001b[1m^\u001b[22m\u001b[2m\u001b[39m\u001b[22m\n\u001b[2m     \u001b[90m 58 |\u001b[39m             fc\u001b[33m.\u001b[39mproperty(\u001b[22m\n\u001b[2m     \u001b[90m 59 |\u001b[39m                 fc\u001b[33m.\u001b[39mrecord({\u001b[22m\n\u001b[2m     \u001b[90m 60 |\u001b[39m                     categoryName\u001b[33m:\u001b[39m fc\u001b[33m.\u001b[39mstring({ minLength\u001b[33m:\u001b[39m \u001b[35m1\u001b[39m })\u001b[33m.\u001b[39mfilter(s \u001b[33m=>\u001b[39m \u001b[35m/^[a-zA-Z0-9_-]+$/\u001b[39m\u001b[33m.\u001b[39mtest(s))\u001b[33m,\u001b[39m\u001b[0m\u001b[22m\n\u001b[2m\u001b[22m\n\u001b[2m      \u001b[2mat buildError (\u001b[22m\u001b[2mnode_modules/fast-check/lib/cjs/check/runner/utils/RunDetailsFormatter.js\u001b[2m:162:19)\u001b[22m\u001b[2m\u001b[22m\n\u001b[2m      \u001b[2mat throwIfFailed (\u001b[22m\u001b[2mnode_modules/fast-check/lib/cjs/check/runner/utils/RunDetailsFormatter.js\u001b[2m:171:11)\u001b[22m\u001b[2m\u001b[22m\n\u001b[2m      \u001b[2mat reportRunDetails (\u001b[22m\u001b[2mnode_modules/fast-check/lib/cjs/check/runner/utils/RunDetailsFormatter.js\u001b[2m:184:16)\u001b[22m\u001b[2m\u001b[22m\n\u001b[2m      \u001b[2mat Object.assert (\u001b[22m\u001b[2mnode_modules/fast-check/lib/cjs/check/runner/Runner.js\u001b[2m:65:55)\u001b[22m\u001b[2m\u001b[22m\n\u001b[2m      \u001b[2mat Object.<anonymous> (\u001b[22m\u001b[2m\u001b[0m\u001b[36msrc/category/__tests__/integration.property.test.ts\u001b[39m\u001b[0m\u001b[2m:57:12)\u001b[22m\u001b[2m\u001b[22m\n\n    Cause:\n    \u001b[2mexpect(\u001b[22m\u001b[31mreceived\u001b[39m\u001b[2m).\u001b[22mtoBe\u001b[2m(\u001b[22m\u001b[32mexpected\u001b[39m\u001b[2m) // Object.is equality\u001b[22m\n\n    Expected: \u001b[32mtrue\u001b[39m\n    Received: \u001b[31mfalse\u001b[39m\n\u001b[2m\u001b[22m\n\u001b[2m    \u001b[0m \u001b[90m 93 |\u001b[39m\u001b[22m\n\u001b[2m     \u001b[90m 94 |\u001b[39m                     expect(initialVisible)\u001b[33m.\u001b[39mtoBe(initialProductCount \u001b[33m>\u001b[39m \u001b[35m0\u001b[39m)\u001b[33m;\u001b[39m\u001b[22m\n\u001b[2m    \u001b[31m\u001b[1m>\u001b[22m\u001b[2m\u001b[39m\u001b[90m 95 |\u001b[39m                     expect(finalVisible)\u001b[33m.\u001b[39mtoBe(finalProductCount \u001b[33m>\u001b[39m \u001b[35m0\u001b[39m)\u001b[33m;\u001b[39m\u001b[22m\n\u001b[2m     \u001b[90m    |\u001b[39m                                          \u001b[31m\u001b[1m^\u001b[22m\u001b[2m\u001b[39m\u001b[22m\n\u001b[2m     \u001b[90m 96 |\u001b[39m                 }\u001b[22m\n\u001b[2m     \u001b[90m 97 |\u001b[39m             )\u001b[33m,\u001b[39m\u001b[22m\n\u001b[2m     \u001b[90m 98 |\u001b[39m             { numRuns\u001b[33m:\u001b[39m \u001b[35m100\u001b[39m }\u001b[0m\u001b[22m\n\u001b[2m\u001b[22m\n\u001b[2m      \u001b[2mat \u001b[22m\u001b[2m\u001b[0m\u001b[36msrc/category/__tests__/integration.property.test.ts\u001b[39m\u001b[0m\u001b[2m:95:42\u001b[22m\u001b[2m\u001b[22m\n\u001b[2m      \u001b[2mat Property.predicate (\u001b[22m\u001b[2mnode_modules/fast-check/lib/cjs/check/property/Property.js\u001b[2m:17:92)\u001b[22m\u001b[2m\u001b[22m\n\u001b[2m      \u001b[2mat Property.run (\u001b[22m\u001b[2mnode_modules/fast-check/lib/cjs/check/property/Property.generic.js\u001b[2m:46:33)\u001b[22m\u001b[2m\u001b[22m\n\u001b[2m      \u001b[2mat runIt (\u001b[22m\u001b[2mnode_modules/fast-check/lib/cjs/check/runner/Runner.js\u001b[2m:18:30)\u001b[22m\u001b[2m\u001b[22m\n\u001b[2m      \u001b[2mat check (\u001b[22m\u001b[2mnode_modules/fast-check/lib/cjs/check/runner/Runner.js\u001b[2m:58:11)\u001b[22m\u001b[2m\u001b[22m\n\u001b[2m      \u001b[2mat Object.assert (\u001b[22m\u001b[2mnode_modules/fast-check/lib/cjs/check/runner/Runner.js\u001b[2m:61:17)\u001b[22m\u001b[2m\u001b[22m\n\u001b[2m      \u001b[2mat Object.<anonymous> (\u001b[22m\u001b[2m\u001b[0m\u001b[36msrc/category/__tests__/integration.property.test.ts\u001b[39m\u001b[0m\u001b[2m:57:12)\u001b[22m\u001b[2m\u001b[22m\n","name":"D:\\Work\\amazon-product-article\\src\\category\\__tests__\\integration.property.test.ts","startTime":1772874028183,"status":"failed","summary":""},{"assertionResults":[{"ancestorTitles":["Integration Tests"],"duration":1077,"failing":false,"failureDetails":[{"status":1,"signal":null,"output":[null,{"type":"Buffer","data":[10,62,32,97,109,97,122,111,110,45,112,114,111,100,117,99,116,45,114,101,115,101,97,114,99,104,45,115,121,115,116,101,109,64,49,46,48,46,48,32,112,114,101,98,117,105,108,100,58,104,117,103,111,10,62,32,116,115,45,110,111,100,101,32,115,114,99,47,115,99,114,105,112,116,115,47,101,110,104,97,110,99,101,45,99,97,116,101,103,111,114,105,101,115,46,116,115,10,10]},{"type":"Buffer","data":[69,114,114,111,114,58,32,67,97,110,110,111,116,32,102,105,110,100,32,109,111,100,117,108,101,32,39,46,46,47,99,97,116,101,103,111,114,121,47,67,97,116,101,103,111,114,121,77,97,110,97,103,101,114,46,106,115,39,10,82,101,113,117,105,114,101,32,115,116,97,99,107,58,10,45,32,68,58,92,87,111,114,107,92,97,109,97,122,111,110,45,112,114,111,100,117,99,116,45,97,114,116,105,99,108,101,92,115,114,99,92,115,99,114,105,112,116,115,92,101,110,104,97,110,99,101,45,99,97,116,101,103,111,114,105,101,115,46,116,115,10,32,32,32,32,97,116,32,70,117,110,99,116,105,111,110,46,60,97,110,111,110,121,109,111,117,115,62,32,40,110,111,100,101,58,105,110,116,101,114,110,97,108,47,109,111,100,117,108,101,115,47,99,106,115,47,108,111,97,100,101,114,58,49,50,50,53,58,49,53,41,10,32,32,32,32,97,116,32,70,117,110,99,116,105,111,110,46,77,111,100,117,108,101,46,95,114,101,115,111,108,118,101,70,105,108,101,110,97,109,101,46,115,104,97,114,101,100,68,97,116,97,46,109,111,100,117,108,101,82,101,115,111,108,118,101,70,105,108,101,110,97,109,101,72,111,111,107,46,105,110,115,116,97,108,108,101,100,86,97,108,117,101,32,91,97,115,32,95,114,101,115,111,108,118,101,70,105,108,101,110,97,109,101,93,32,40,68,58,92,87,111,114,107,92,97,109,97,122,111,110,45,112,114,111,100,117,99,116,45,97,114,116,105,99,108,101,92,110,111,100,101,95,109,111,100,117,108,101,115,92,64,99,115,112,111,116,99,111,100,101,92,115,111,117,114,99,101,45,109,97,112,45,115,117,112,112,111,114,116,92,115,111,117,114,99,101,45,109,97,112,45,115,117,112,112,111,114,116,46,106,115,58,56,49,49,58,51,48,41,10,32,32,32,32,97,116,32,70,117,110,99,116,105,111,110,46,95,108,111,97,100,32,40,110,111,100,101,58,105,110,116,101,114,110,97,108,47,109,111,100,117,108,101,115,47,99,106,115,47,108,111,97,100,101,114,58,49,48,53,53,58,50,55,41,10,32,32,32,32,97,116,32,84,114,97,99,105,110,103,67,104,97,110,110,101,108,46,116,114,97,99,101,83,121,110,99,32,40,110,111,100,101,58,100,105,97,103,110,111,115,116,105,99,115,95,99,104,97,110,110,101,108,58,51,50,50,58,49,52,41,10,32,32,32,32,97,116,32,119,114,97,112,77,111,100,117,108,101,76,111,97,100,32,40,110,111,100,101,58,105,110,116,101,114,110,97,108,47,109,111,100,117,108,101,115,47,99,106,115,47,108,111,97,100,101,114,58,50,50,48,58,50,52,41,10,32,32,32,32,97,116,32,77,111,100,117,108,101,46,114,101,113,117,105,114,101,32,40,110,111,100,101,58,105,110,116,101,114,110,97,108,47,109,111,100,117,108,101,115,47,99,106,115,47,108,111,97,100,101,114,58,49,51,49,49,58,49,50,41,10,32,32,32,32,97,116,32,114,101,113,117,105,114,101,32,40,110,111,100,101,58,105,110,116,101,114,110,97,108,47,109,111,100,117,108,101,115,47,104,101,108,112,101,114,115,58,49,51,54,58,49,54,41,10,32,32,32,32,97,116,32,79,98,106,101,99,116,46,60,97,110,111,110,121,109,111,117,115,62,32,40,68,58,92,87,111,114,107,92,97,109,97,122,111,110,45,112,114,111,100,117,99,116,45,97,114,116,105,99,108,101,92,115,114,99,92,115,99,114,105,112,116,115,92,101,110,104,97,110,99,101,45,99,97,116,101,103,111,114,105,101,115,46,116,115,58,50,58,49,41,10,32,32,32,32,97,116,32,77,111,100,117,108,101,46,95,99,111,109,112,105,108,101,32,40,110,111,100,101,58,105,110,116,101,114,110,97,108,47,109,111,100,117,108,101,115,47,99,106,115,47,108,111,97,100,101,114,58,49,53,53,52,58,49,52,41,10,32,32,32,32,97,116,32,77,111,100,117,108,101,46,109,46,95,99,111,109,112,105,108,101,32,40,68,58,92,87,111,114,107,92,97,109,97,122,111,110,45,112,114,111,100,117,99,116,45,97,114,116,105,99,108,101,92,110,111,100,101,95,109,111,100,117,108,101,115,92,116,115,45,110,111,100,101,92,115,114,99,92,105,110,100,101,120,46,116,115,58,49,54,49,56,58,50,51,41,32,123,10,32,32,99,111,100,101,58,32,39,77,79,68,85,76,69,95,78,79,84,95,70,79,85,78,68,39,44,10,32,32,114,101,113,117,105,114,101,83,116,97,99,107,58,32,91,10,32,32,32,32,39,68,58,92,92,87,111,114,107,92,92,97,109,97,122,111,110,45,112,114,111,100,117,99,116,45,97,114,116,105,99,108,101,92,92,115,114,99,92,92,115,99,114,105,112,116,115,92,92,101,110,104,97,110,99,101,45,99,97,116,101,103,111,114,105,101,115,46,116,115,39,10,32,32,93,10,125,10]}],"pid":1720,"stdout":{"type":"Buffer","data":[10,62,32,97,109,97,122,111,110,45,112,114,111,100,117,99,116,45,114,101,115,101,97,114,99,104,45,115,121,115,116,101,109,64,49,46,48,46,48,32,112,114,101,98,117,105,108,100,58,104,117,103,111,10,62,32,116,115,45,110,111,100,101,32,115,114,99,47,115,99,114,105,112,116,115,47,101,110,104,97,110,99,101,45,99,97,116,101,103,111,114,105,101,115,46,116,115,10,10]},"stderr":{"type":"Buffer","data":[69,114,114,111,114,58,32,67,97,110,110,111,116,32,102,105,110,100,32,109,111,100,117,108,101,32,39,46,46,47,99,97,116,101,103,111,114,121,47,67,97,116,101,103,111,114,121,77,97,110,97,103,101,114,46,106,115,39,10,82,101,113,117,105,114,101,32,115,116,97,99,107,58,10,45,32,68,58,92,87,111,114,107,92,97,109,97,122,111,110,45,112,114,111,100,117,99,116,45,97,114,116,105,99,108,101,92,115,114,99,92,115,99,114,105,112,116,115,92,101,110,104,97,110,99,101,45,99,97,116,101,103,111,114,105,101,115,46,116,115,10,32,32,32,32,97,116,32,70,117,110,99,116,105,111,110,46,60,97,110,111,110,121,109,111,117,115,62,32,40,110,111,100,101,58,105,110,116,101,114,110,97,108,47,109,111,100,117,108,101,115,47,99,106,115,47,108,111,97,100,101,114,58,49,50,50,53,58,49,53,41,10,32,32,32,32,97,116,32,70,117,110,99,116,105,111,110,46,77,111,100,117,108,101,46,95,114,101,115,111,108,118,101,70,105,108,101,110,97,109,101,46,115,104,97,114,101,100,68,97,116,97,46,109,111,100,117,108,101,82,101,115,111,108,118,101,70,105,108,101,110,97,109,101,72,111,111,107,46,105,110,115,116,97,108,108,101,100,86,97,108,117,101,32,91,97,115,32,95,114,101,115,111,108,118,101,70,105,108,101,110,97,109,101,93,32,40,68,58,92,87,111,114,107,92,97,109,97,122,111,110,45,112,114,111,100,117,99,116,45,97,114,116,105,99,108,101,92,110,111,100,101,95,109,111,100,117,108,101,115,92,64,99,115,112,111,116,99,111,100,101,92,115,111,117,114,99,101,45,109,97,112,45,115,117,112,112,111,114,116,92,115,111,117,114,99,101,45,109,97,112,45,115,117,112,112,111,114,116,46,106,115,58,56,49,49,58,51,48,41,10,32,32,32,32,97,116,32,70,117,110,99,116,105,111,110,46,95,108,111,97,100,32,40,110,111,100,101,58,105,110,116,101,114,110,97,108,47,109,111,100,117,108,101,115,47,99,106,115,47,108,111,97,100,101,114,58,49,48,53,53,58,50,55,41,10,32,32,32,32,97,116,32,84,114,97,99,105,110,103,67,104,97,110,110,101,108,46,116,114,97,99,101,83,121,110,99,32,40,110,111,100,101,58,100,105,97,103,110,111,115,116,105,99,115,95,99,104,97,110,110,101,108,58,51,50,50,58,49,52,41,10,32,32,32,32,97,116,32,119,114,97,112,77,111,100,117,108,101,76,111,97,100,32,40,110,111,100,101,58,105,110,116,101,114,110,97,108,47,109,111,100,117,108,101,115,47,99,106,115,47,108,111,97,100,101,114,58,50,50,48,58,50,52,41,10,32,32,32,32,97,116,32,77,111,100,117,108,101,46,114,101,113,117,105,114,101,32,40,110,111,100,101,58,105,110,116,101,114,110,97,108,47,109,111,100,117,108,101,115,47,99,106,115,47,108,111,97,100,101,114,58,49,51,49,49,58,49,50,41,10,32,32,32,32,97,116,32,114,101,113,117,105,114,101,32,40,110,111,100,101,58,105,110,116,101,114,110,97,108,47,109,111,100,117,108,101,115,47,104,101,108,112,101,114,115,58,49,51,54,58,49,54,41,10,32,32,32,32,97,116,32,79,98,106,101,99,116,46,60,97,110,111,110,121,109,111,117,115,62,32,40,68,58,92,87,111,114,107,92,97,109,97,122,111,110,45,112,114,111,100,117,99,116,45,97,114,116,105,99,108,101,92,115,114,99,92,115,99,114,105,112,116,115,92,101,110,104,97,110,99,101,45,99,97,116,101,103,111,114,105,101,115,46,116,115,58,50,58,49,41,10,32,32,32,32,97,116,32,77,111,100,117,108,101,46,95,99,111,109,112,105,108,101,32,40,110,111,100,101,58,105,110,116,101,114,110,97,108,47,109,111,100,117,108,101,115,47,99,106,115,47,108,111,97,100,101,114,58,49,53,53,52,58,49,52,41,10,32,32,32,32,97,116,32,77,111,100,117,108,101,46,109,46,95,99,111,109,112,105,108,101,32,40,68,58,92,87,111,114,107,92,97,109,97,122,111,110,45,112,114,111,100,117,99,116,45,97,114,116,105,99,108,101,92,110,111,100,101,95,109,111,100,117,108,101,115,92,116,115,45,110,111,100,101,92,115,114,99,92,105,110,100,101,120,46,116,115,58,49,54,49,56,58,50,51,41,32,123,10,32,32,99,111,100,101,58,32,39,77,79,68,85,76,69,95,78,79,84,95,70,79,85,78,68,39,44,10,32,32,114,101,113,117,105,114,101,83,116,97,99,107,58,32,91,10,32,32,32,32,39,68,58,92,92,87,111,114,107,92,92,97,109,97,122,111,110,45,112,114,111,100,117,99,116,45,97,114,116,105,99,108,101,92,92,115,114,99,92,92,115,99,114,105,112,116,115,92,92,101,110,104,97,110,99,101,45,99,97,116,101,103,111,114,105,101,115,46,116,115,39,10,32,32,93,10,125,10]}}],"failureMessages":["Error: Command failed: npm run prebuild:hugo\nError: Cannot find module '../category/CategoryManager.js'\nRequire stack:\n- D:\\Work\\amazon-product-article\\src\\scripts\\enhance-categories.ts\n    at Function.<anonymous> (node:internal/modules/cjs/loader:1225:15)\n    at Function.Module._resolveFilename.sharedData.moduleResolveFilenameHook.installedValue [as _resolveFilename] (D:\\Work\\amazon-product-article\\node_modules\\@cspotcode\\source-map-support\\source-map-support.js:811:30)\n    at Function._load (node:internal/modules/cjs/loader:1055:27)\n    at TracingChannel.traceSync (node:diagnostics_channel:322:14)\n    at wrapModuleLoad (node:internal/modules/cjs/loader:220:24)\n    at Module.require (node:internal/modules/cjs/loader:1311:12)\n    at require (node:internal/modules/helpers:136:16)\n    at Object.<anonymous> (D:\\Work\\amazon-product-article\\src\\scripts\\enhance-categories.ts:2:1)\n    at Module._compile (node:internal/modules/cjs/loader:1554:14)\n    at Module.m._compile (D:\\Work\\amazon-product-article\\node_modules\\ts-node\\src\\index.ts:1618:23) {\n  code: 'MODULE_NOT_FOUND',\n  requireStack: [\n    'D:\\\\Work\\\\amazon-product-article\\\\src\\\\scripts\\\\enhance-categories.ts'\n  ]\n}\n\n    at genericNodeError (node:internal/errors:983:15)\n    at wrappedFn (node:internal/errors:537:14)\n    at checkExecSyncError (node:child_process:882:11)\n    at execSync (node:child_process:954:15)\n    at Object.<anonymous> (D:\\Work\\amazon-product-article\\src\\category\\__tests__\\integration.test.ts:32:17)\n    at Promise.finally.completed (D:\\Work\\amazon-product-article\\node_modules\\jest-circus\\build\\jestAdapterInit.js:1557:28)\n    at new Promise (<anonymous>)\n    at callAsyncCircusFn (D:\\Work\\amazon-product-article\\node_modules\\jest-circus\\build\\jestAdapterInit.js:1497:10)\n    at _callCircusTest (D:\\Work\\amazon-product-article\\node_modules\\jest-circus\\build\\jestAdapterInit.js:1007:40)\n    at processTicksAndRejections (node:internal/process/task_queues:105:5)\n    at _runTest (D:\\Work\\amazon-product-article\\node_modules\\jest-circus\\build\\jestAdapterInit.js:947:3)\n    at D:\\Work\\amazon-product-article\\node_modules\\jest-circus\\build\\jestAdapterInit.js:849:7\n    at _runTestsForDescribeBlock (D:\\Work\\amazon-product-article\\node_modules\\jest-circus\\build\\jestAdapterInit.js:862:11)\n    at _runTestsForDescribeBlock (D:\\Work\\amazon-product-article\\node_modules\\jest-circus\\build\\jestAdapterInit.js:857:11)\n    at run (D:\\Work\\amazon-product-article\\node_modules\\jest-circus\\build\\jestAdapterInit.js:761:3)\n    at runAndTransformResultsToJestFormat (D:\\Work\\amazon-product-article\\node_modules\\jest-circus\\build\\jestAdapterInit.js:1918:21)\n    at jestAdapter (D:\\Work\\amazon-product-article\\node_modules\\jest-circus\\build\\runner.js:101:19)\n    at runTestInternal (D:\\Work\\amazon-product-article\\node_modules\\jest-runner\\build\\testWorker.js:275:16)\n    at runTest (D:\\Work\\amazon-product-article\\node_modules\\jest-runner\\build\\testWorker.js:343:7)\n    at Object.worker (D:\\Work\\amazon-product-article\\node_modules\\jest-runner\\build\\testWorker.js:497:12)"],"fullName":"Integration Tests prebuild:hugo スクリプトが正常に完了する","invocations":1,"location":null,"numPassingAsserts":1,"retryReasons":[],"startAt":1772874030396,"status":"failed","title":"prebuild:hugo スクリプトが正常に完了する"},{"ancestorTitles":["Integration Tests"],"duration":0,"failing":false,"failureDetails":[{"errno":-4058,"code":"ENOENT","syscall":"open","path":"D:\\Work\\amazon-product-article\\static\\data\\categorygroups.json"}],"failureMessages":["Error: ENOENT: no such file or directory, open 'D:\\Work\\amazon-product-article\\static\\data\\categorygroups.json'\n    at Object.readFileSync (node:fs:442:20)\n    at Object.<anonymous> (D:\\Work\\amazon-product-article\\src\\category\\__tests__\\integration.test.ts:39:43)\n    at Promise.finally.completed (D:\\Work\\amazon-product-article\\node_modules\\jest-circus\\build\\jestAdapterInit.js:1557:28)\n    at new Promise (<anonymous>)\n    at callAsyncCircusFn (D:\\Work\\amazon-product-article\\node_modules\\jest-circus\\build\\jestAdapterInit.js:1497:10)\n    at _callCircusTest (D:\\Work\\amazon-product-article\\node_modules\\jest-circus\\build\\jestAdapterInit.js:1007:40)\n    at processTicksAndRejections (node:internal/process/task_queues:105:5)\n    at _runTest (D:\\Work\\amazon-product-article\\node_modules\\jest-circus\\build\\jestAdapterInit.js:947:3)\n    at D:\\Work\\amazon-product-article\\node_modules\\jest-circus\\build\\jestAdapterInit.js:849:7\n    at _runTestsForDescribeBlock (D:\\Work\\amazon-product-article\\node_modules\\jest-circus\\build\\jestAdapterInit.js:862:11)\n    at _runTestsForDescribeBlock (D:\\Work\\amazon-product-article\\node_modules\\jest-circus\\build\\jestAdapterInit.js:857:11)\n    at run (D:\\Work\\amazon-product-article\\node_modules\\jest-circus\\build\\jestAdapterInit.js:761:3)\n    at runAndTransformResultsToJestFormat (D:\\Work\\amazon-product-article\\node_modules\\jest-circus\\build\\jestAdapterInit.js:1918:21)\n    at jestAdapter (D:\\Work\\amazon-product-article\\node_modules\\jest-circus\\build\\runner.js:101:19)\n    at runTestInternal (D:\\Work\\amazon-product-article\\node_modules\\jest-runner\\build\\testWorker.js:275:16)\n    at runTest (D:\\Work\\amazon-product-article\\node_modules\\jest-runner\\build\\testWorker.js:343:7)\n    at Object.worker (D:\\Work\\amazon-product-article\\node_modules\\jest-runner\\build\\testWorker.js:497:12)"],"fullName":"Integration Tests 生成されたJSONとYAMLが整合性を持つ","invocations":1,"location":null,"numPassingAsserts":0,"retryReasons":[],"startAt":1772874031478,"status":"failed","title":"生成されたJSONとYAMLが整合性を持つ"}],"endTime":1772874031491,"message":"\u001b[1m\u001b[31m  \u001b[1m● \u001b[22m\u001b[1mIntegration Tests › prebuild:hugo スクリプトが正常に完了する\u001b[39m\u001b[22m\n\n    Command failed: npm run prebuild:hugo\n    Error: Cannot find module '../category/CategoryManager.js'\n    Require stack:\n    - D:\\Work\\amazon-product-article\\src\\scripts\\enhance-categories.ts\n\u001b[2m\u001b[22m\n\u001b[2m    \u001b[0m \u001b[90m 1 |\u001b[39m \u001b[36mimport\u001b[39m \u001b[33m*\u001b[39m \u001b[36mas\u001b[39m path \u001b[36mfrom\u001b[39m \u001b[32m'path'\u001b[39m\u001b[33m;\u001b[39m\u001b[22m\n\u001b[2m    \u001b[31m\u001b[1m>\u001b[22m\u001b[2m\u001b[39m\u001b[90m 2 |\u001b[39m \u001b[36mimport\u001b[39m { \u001b[33mCategoryManager\u001b[39m } \u001b[36mfrom\u001b[39m \u001b[32m'../category/CategoryManager.js'\u001b[39m\u001b[33m;\u001b[39m\u001b[22m\n\u001b[2m     \u001b[90m   |\u001b[39m \u001b[31m\u001b[1m^\u001b[22m\u001b[2m\u001b[39m\u001b[22m\n\u001b[2m     \u001b[90m 3 |\u001b[39m \u001b[36mimport\u001b[39m { \u001b[33mProductCounter\u001b[39m } \u001b[36mfrom\u001b[39m \u001b[32m'../category/ProductCounter.js'\u001b[39m\u001b[33m;\u001b[39m\u001b[22m\n\u001b[2m     \u001b[90m 4 |\u001b[39m\u001b[22m\n\u001b[2m     \u001b[90m 5 |\u001b[39m \u001b[36mconst\u001b[39m categoryGroupsPath \u001b[33m=\u001b[39m path\u001b[33m.\u001b[39mresolve(process\u001b[33m.\u001b[39mcwd()\u001b[33m,\u001b[39m \u001b[32m'data/categorygroups.json'\u001b[39m)\u001b[33m;\u001b[39m\u001b[0m\u001b[22m\n\u001b[2m\u001b[22m\n\u001b[2m      \u001b[2mat Function.Module._resolveFilename.sharedData.moduleResolveFilenameHook.installedValue [as _resolveFilename] (\u001b[22m\u001b[2mnode_modules/@cspotcode/source-map-support/source-map-support.js\u001b[2m:811:30)\u001b[22m\u001b[2m\u001b[22m\n\u001b[2m      \u001b[2mat Object.<anonymous> (\u001b[22m\u001b[2msrc/scripts/enhance-categories.ts\u001b[2m:2:1)\u001b[22m\u001b[2m\u001b[22m\n\u001b[2m      \u001b[2mat Module.m._compile (\u001b[22m\u001b[2mnode_modules/ts-node/src/index.ts\u001b[2m:1618:23) {\u001b[22m\u001b[2m\u001b[22m\n\u001b[2m        code: 'MODULE_NOT_FOUND',\u001b[22m\n\u001b[2m        requireStack: [\u001b[22m\n\u001b[2m          'D:\\\\Work\\\\amazon-product-article\\\\src\\\\scripts\\\\enhance-categories.ts'\u001b[22m\n\u001b[2m        ]\u001b[22m\n\u001b[2m      }\u001b[22m\n\u001b[2m      \u001b[2mat Object.<anonymous> (\u001b[22m\u001b[2m\u001b[0m\u001b[36msrc/category/__tests__/integration.test.ts\u001b[39m\u001b[0m\u001b[2m:32:17)\u001b[22m\u001b[2m\u001b[22m\n\n\u001b[1m\u001b[31m  \u001b[1m● \u001b[22m\u001b[1mIntegration Tests › 生成されたJSONとYAMLが整合性を持つ\u001b[39m\u001b[22m\n\n    ENOENT: no such file or directory, open 'D:\\Work\\amazon-product-article\\static\\data\\categorygroups.json'\n\u001b[2m\u001b[22m\n\u001b[2m    \u001b[0m \u001b[90m 37 |\u001b[39m\u001b[22m\n\u001b[2m     \u001b[90m 38 |\u001b[39m     test(\u001b[32m'生成されたJSONとYAMLが整合性を持つ'\u001b[39m\u001b[33m,\u001b[39m () \u001b[33m=>\u001b[39m {\u001b[22m\n\u001b[2m    \u001b[31m\u001b[1m>\u001b[22m\u001b[2m\u001b[39m\u001b[90m 39 |\u001b[39m         \u001b[36mconst\u001b[39m jsonContent \u001b[33m=\u001b[39m \u001b[33mJSON\u001b[39m\u001b[33m.\u001b[39mparse(fs\u001b[33m.\u001b[39mreadFileSync(outJson\u001b[33m,\u001b[39m \u001b[32m'utf-8'\u001b[39m))\u001b[33m;\u001b[39m\u001b[22m\n\u001b[2m     \u001b[90m    |\u001b[39m                                           \u001b[31m\u001b[1m^\u001b[22m\u001b[2m\u001b[39m\u001b[22m\n\u001b[2m     \u001b[90m 40 |\u001b[39m         \u001b[36mconst\u001b[39m yamlContent \u001b[33m=\u001b[39m fs\u001b[33m.\u001b[39mreadFileSync(outYaml\u001b[33m,\u001b[39m \u001b[32m'utf-8'\u001b[39m)\u001b[33m;\u001b[39m\u001b[22m\n\u001b[2m     \u001b[90m 41 |\u001b[39m\u001b[22m\n\u001b[2m     \u001b[90m 42 |\u001b[39m         \u001b[90m// Verify JSON and YAML basically have the same data (at least valid)\u001b[39m\u001b[0m\u001b[22m\n\u001b[2m\u001b[22m\n\u001b[2m      \u001b[2mat Object.<anonymous> (\u001b[22m\u001b[2m\u001b[0m\u001b[36msrc/category/__tests__/integration.test.ts\u001b[39m\u001b[0m\u001b[2m:39:43)\u001b[22m\u001b[2m\u001b[22m\n","name":"D:\\Work\\amazon-product-article\\src\\category\\__tests__\\integration.test.ts","startTime":1772874028183,"status":"failed","summary":""}],"wasInterrupted":false}
