{"numFailedTestSuites":1,"numFailedTests":1,"numPassedTestSuites":0,"numPassedTests":1,"numPendingTestSuites":0,"numPendingTests":0,"numRuntimeErrorTestSuites":0,"numTodoTests":0,"numTotalTestSuites":1,"numTotalTests":2,"openHandles":[],"snapshot":{"added":0,"didUpdate":false,"failure":false,"filesAdded":0,"filesRemoved":0,"filesRemovedList":[],"filesUnmatched":0,"filesUpdated":0,"matched":0,"total":0,"unchecked":0,"uncheckedKeysByFile":[],"unmatched":0,"updated":0},"startTime":1772874089751,"success":false,"testResults":[{"assertionResults":[{"ancestorTitles":["Integration Properties"],"duration":62,"failing":false,"failureDetails":[],"failureMessages":[],"fullName":"Integration Properties 商品数ゼロのカテゴリの非表示","invocations":1,"location":null,"numPassingAsserts":898,"retryReasons":[],"startAt":1772874091839,"status":"passed","title":"商品数ゼロのカテゴリの非表示"},{"ancestorTitles":["Integration Properties"],"duration":40,"failing":false,"failureDetails":[{}],"failureMessages":["Error: Property failed after 1 tests\n{ seed: 1330756541, path: \"0:0:0:0:0:0:1:0:0\", endOnFailure: true }\nCounterexample: [{\"categoryName\":\"A\",\"initialProductCount\":0,\"finalProductCount\":1}]\nShrunk 8 time(s)\n\nHint: Enable verbose mode in order to have the list of all failing values encountered during the run\n    at buildError (D:\\Work\\amazon-product-article\\node_modules\\fast-check\\lib\\cjs\\check\\runner\\utils\\RunDetailsFormatter.js:162:19)\n    at throwIfFailed (D:\\Work\\amazon-product-article\\node_modules\\fast-check\\lib\\cjs\\check\\runner\\utils\\RunDetailsFormatter.js:171:11)\n    at reportRunDetails (D:\\Work\\amazon-product-article\\node_modules\\fast-check\\lib\\cjs\\check\\runner\\utils\\RunDetailsFormatter.js:184:16)\n    at Object.assert (D:\\Work\\amazon-product-article\\node_modules\\fast-check\\lib\\cjs\\check\\runner\\Runner.js:65:55)\n    at Object.<anonymous> (D:\\Work\\amazon-product-article\\src\\category\\__tests__\\integration.property.test.ts:57:12)\n    at Promise.finally.completed (D:\\Work\\amazon-product-article\\node_modules\\jest-circus\\build\\jestAdapterInit.js:1557:28)\n    at new Promise (<anonymous>)\n    at callAsyncCircusFn (D:\\Work\\amazon-product-article\\node_modules\\jest-circus\\build\\jestAdapterInit.js:1497:10)\n    at _callCircusTest (D:\\Work\\amazon-product-article\\node_modules\\jest-circus\\build\\jestAdapterInit.js:1007:40)\n    at _runTest (D:\\Work\\amazon-product-article\\node_modules\\jest-circus\\build\\jestAdapterInit.js:947:3)\n    at D:\\Work\\amazon-product-article\\node_modules\\jest-circus\\build\\jestAdapterInit.js:849:7\n    at _runTestsForDescribeBlock (D:\\Work\\amazon-product-article\\node_modules\\jest-circus\\build\\jestAdapterInit.js:862:11)\n    at _runTestsForDescribeBlock (D:\\Work\\amazon-product-article\\node_modules\\jest-circus\\build\\jestAdapterInit.js:857:11)\n    at run (D:\\Work\\amazon-product-article\\node_modules\\jest-circus\\build\\jestAdapterInit.js:761:3)\n    at runAndTransformResultsToJestFormat (D:\\Work\\amazon-product-article\\node_modules\\jest-circus\\build\\jestAdapterInit.js:1918:21)\n    at jestAdapter (D:\\Work\\amazon-product-article\\node_modules\\jest-circus\\build\\runner.js:101:19)\n    at runTestInternal (D:\\Work\\amazon-product-article\\node_modules\\jest-runner\\build\\index.js:275:16)\n    at runTest (D:\\Work\\amazon-product-article\\node_modules\\jest-runner\\build\\index.js:343:7)"],"fullName":"Integration Properties 商品追加・削除による表示状態の更新","invocations":1,"location":null,"numPassingAsserts":8,"retryReasons":[],"startAt":1772874091902,"status":"failed","title":"商品追加・削除による表示状態の更新"}],"endTime":1772874091967,"message":"\u001b[1m\u001b[31m  \u001b[1m● \u001b[22m\u001b[1mIntegration Properties › 商品追加・削除による表示状態の更新\u001b[39m\u001b[22m\n\n    Property failed after 1 tests\n    { seed: 1330756541, path: \"0:0:0:0:0:0:1:0:0\", endOnFailure: true }\n    Counterexample: [{\"categoryName\":\"A\",\"initialProductCount\":0,\"finalProductCount\":1}]\n    Shrunk 8 time(s)\n\n    Hint: Enable verbose mode in order to have the list of all failing values encountered during the run\n\u001b[2m\u001b[22m\n\u001b[2m    \u001b[0m \u001b[90m 55 |\u001b[39m     \u001b[90m// Feature: dynamic-category-control, Property 3: 商品追加・削除による表示状態の更新\u001b[39m\u001b[22m\n\u001b[2m     \u001b[90m 56 |\u001b[39m     test(\u001b[32m'商品追加・削除による表示状態の更新'\u001b[39m\u001b[33m,\u001b[39m () \u001b[33m=>\u001b[39m {\u001b[22m\n\u001b[2m    \u001b[31m\u001b[1m>\u001b[22m\u001b[2m\u001b[39m\u001b[90m 57 |\u001b[39m         fc\u001b[33m.\u001b[39massert(\u001b[22m\n\u001b[2m     \u001b[90m    |\u001b[39m            \u001b[31m\u001b[1m^\u001b[22m\u001b[2m\u001b[39m\u001b[22m\n\u001b[2m     \u001b[90m 58 |\u001b[39m             fc\u001b[33m.\u001b[39mproperty(\u001b[22m\n\u001b[2m     \u001b[90m 59 |\u001b[39m                 fc\u001b[33m.\u001b[39mrecord({\u001b[22m\n\u001b[2m     \u001b[90m 60 |\u001b[39m                     categoryName\u001b[33m:\u001b[39m fc\u001b[33m.\u001b[39mstring({ minLength\u001b[33m:\u001b[39m \u001b[35m1\u001b[39m })\u001b[33m.\u001b[39mfilter(s \u001b[33m=>\u001b[39m \u001b[35m/^[a-zA-Z_-][a-zA-Z0-9_-]*$/\u001b[39m\u001b[33m.\u001b[39mtest(s))\u001b[33m,\u001b[39m\u001b[0m\u001b[22m\n\u001b[2m\u001b[22m\n\u001b[2m      \u001b[2mat buildError (\u001b[22m\u001b[2mnode_modules/fast-check/lib/cjs/check/runner/utils/RunDetailsFormatter.js\u001b[2m:162:19)\u001b[22m\u001b[2m\u001b[22m\n\u001b[2m      \u001b[2mat throwIfFailed (\u001b[22m\u001b[2mnode_modules/fast-check/lib/cjs/check/runner/utils/RunDetailsFormatter.js\u001b[2m:171:11)\u001b[22m\u001b[2m\u001b[22m\n\u001b[2m      \u001b[2mat reportRunDetails (\u001b[22m\u001b[2mnode_modules/fast-check/lib/cjs/check/runner/utils/RunDetailsFormatter.js\u001b[2m:184:16)\u001b[22m\u001b[2m\u001b[22m\n\u001b[2m      \u001b[2mat Object.assert (\u001b[22m\u001b[2mnode_modules/fast-check/lib/cjs/check/runner/Runner.js\u001b[2m:65:55)\u001b[22m\u001b[2m\u001b[22m\n\u001b[2m      \u001b[2mat Object.<anonymous> (\u001b[22m\u001b[2m\u001b[0m\u001b[36msrc/category/__tests__/integration.property.test.ts\u001b[39m\u001b[0m\u001b[2m:57:12)\u001b[22m\u001b[2m\u001b[22m\n\n    Cause:\n    \u001b[2mexpect(\u001b[22m\u001b[31mreceived\u001b[39m\u001b[2m).\u001b[22mtoBe\u001b[2m(\u001b[22m\u001b[32mexpected\u001b[39m\u001b[2m) // Object.is equality\u001b[22m\n\n    Expected: \u001b[32mtrue\u001b[39m\n    Received: \u001b[31mfalse\u001b[39m\n\u001b[2m\u001b[22m\n\u001b[2m    \u001b[0m \u001b[90m 93 |\u001b[39m\u001b[22m\n\u001b[2m     \u001b[90m 94 |\u001b[39m                     expect(initialVisible)\u001b[33m.\u001b[39mtoBe(initialProductCount \u001b[33m>\u001b[39m \u001b[35m0\u001b[39m)\u001b[33m;\u001b[39m\u001b[22m\n\u001b[2m    \u001b[31m\u001b[1m>\u001b[22m\u001b[2m\u001b[39m\u001b[90m 95 |\u001b[39m                     expect(finalVisible)\u001b[33m.\u001b[39mtoBe(finalProductCount \u001b[33m>\u001b[39m \u001b[35m0\u001b[39m)\u001b[33m;\u001b[39m\u001b[22m\n\u001b[2m     \u001b[90m    |\u001b[39m                                          \u001b[31m\u001b[1m^\u001b[22m\u001b[2m\u001b[39m\u001b[22m\n\u001b[2m     \u001b[90m 96 |\u001b[39m                 }\u001b[22m\n\u001b[2m     \u001b[90m 97 |\u001b[39m             )\u001b[33m,\u001b[39m\u001b[22m\n\u001b[2m     \u001b[90m 98 |\u001b[39m             { numRuns\u001b[33m:\u001b[39m \u001b[35m100\u001b[39m }\u001b[0m\u001b[22m\n\u001b[2m\u001b[22m\n\u001b[2m      \u001b[2mat \u001b[22m\u001b[2m\u001b[0m\u001b[36msrc/category/__tests__/integration.property.test.ts\u001b[39m\u001b[0m\u001b[2m:95:42\u001b[22m\u001b[2m\u001b[22m\n\u001b[2m      \u001b[2mat Property.predicate (\u001b[22m\u001b[2mnode_modules/fast-check/lib/cjs/check/property/Property.js\u001b[2m:17:92)\u001b[22m\u001b[2m\u001b[22m\n\u001b[2m      \u001b[2mat Property.run (\u001b[22m\u001b[2mnode_modules/fast-check/lib/cjs/check/property/Property.generic.js\u001b[2m:46:33)\u001b[22m\u001b[2m\u001b[22m\n\u001b[2m      \u001b[2mat runIt (\u001b[22m\u001b[2mnode_modules/fast-check/lib/cjs/check/runner/Runner.js\u001b[2m:18:30)\u001b[22m\u001b[2m\u001b[22m\n\u001b[2m      \u001b[2mat check (\u001b[22m\u001b[2mnode_modules/fast-check/lib/cjs/check/runner/Runner.js\u001b[2m:58:11)\u001b[22m\u001b[2m\u001b[22m\n\u001b[2m      \u001b[2mat Object.assert (\u001b[22m\u001b[2mnode_modules/fast-check/lib/cjs/check/runner/Runner.js\u001b[2m:61:17)\u001b[22m\u001b[2m\u001b[22m\n\u001b[2m      \u001b[2mat Object.<anonymous> (\u001b[22m\u001b[2m\u001b[0m\u001b[36msrc/category/__tests__/integration.property.test.ts\u001b[39m\u001b[0m\u001b[2m:57:12)\u001b[22m\u001b[2m\u001b[22m\n","name":"D:\\Work\\amazon-product-article\\src\\category\\__tests__\\integration.property.test.ts","startTime":1772874089932,"status":"failed","summary":""}],"wasInterrupted":false}
